#
# There is insufficient memory for the Java Runtime Environment to continue.
# Native memory allocation (mmap) failed to map 167247872 bytes for committing reserved memory.
# Possible reasons:
#   The system is out of physical RAM or swap space
#   In 32 bit mode, the process size limit was hit
# Possible solutions:
#   Reduce memory load on the system
#   Increase physical memory or swap space
#   Check if swap backing store is full
#   Use 64 bit Java on a 64 bit OS
#   Decrease Java heap size (-Xmx/-Xms)
#   Decrease number of Java threads
#   Decrease Java thread stack sizes (-Xss)
#   Set larger code cache with -XX:ReservedCodeCacheSize=
# This output file may be truncated or incomplete.
#
#  Out of Memory Error (os_linux.cpp:2627), pid=5840, tid=0x00007f94a9ac0700
#
# JRE version: OpenJDK Runtime Environment (8.0_112-b224) (build 1.8.0_112-release-b736)
# Java VM: OpenJDK 64-Bit Server VM (25.112-b736 mixed mode linux-amd64 compressed oops)
# Failed to write core dump. Core dumps have been disabled. To enable core dumping, try "ulimit -c unlimited" before starting Java again
#

---------------  T H R E A D  ---------------

Current thread (0x00007f94bc077800):  VMThread [stack: 0x00007f94a99c0000,0x00007f94a9ac1000] [id=5849]

Stack: [0x00007f94a99c0000,0x00007f94a9ac1000],  sp=0x00007f94a9abf4d0,  free space=1021k
Native frames: (J=compiled Java code, j=interpreted, Vv=VM code, C=native code)
V  [libjvm.so+0x9e476d]  VMError::report_and_die()+0x15d
V  [libjvm.so+0x4b6ada]  report_vm_out_of_memory(char const*, int, unsigned long, VMErrorType, char const*)+0x8a
V  [libjvm.so+0x84c890]  os::pd_commit_memory(char*, unsigned long, unsigned long, bool)+0xf0
V  [libjvm.so+0x8473af]  os::commit_memory(char*, unsigned long, unsigned long, bool)+0x1f
V  [libjvm.so+0x8bd40b]  PSVirtualSpace::expand_by(unsigned long)+0x5b
V  [libjvm.so+0x8ae1eb]  PSOldGen::expand_by(unsigned long) [clone .part.109]+0x1b
V  [libjvm.so+0x8ae3ab]  PSOldGen::expand(unsigned long) [clone .part.111]+0xdb
V  [libjvm.so+0x8aec88]  PSOldGen::resize(unsigned long)+0x188
V  [libjvm.so+0x8b429c]  PSParallelCompact::invoke_no_policy(bool)+0x97c
V  [libjvm.so+0x8bb3ad]  PSScavenge::invoke()+0x17d
V  [libjvm.so+0x86fd23]  ParallelScavengeHeap::failed_mem_allocate(unsigned long)+0x63
V  [libjvm.so+0x9e6234]  VM_ParallelGCFailedAllocation::doit()+0x84
V  [libjvm.so+0x9ea647]  VM_Operation::evaluate()+0x47
V  [libjvm.so+0x9e9108]  VMThread::evaluate_operation(VM_Operation*)+0x2c8
V  [libjvm.so+0x9e9589]  VMThread::loop()+0x219
V  [libjvm.so+0x9e99d2]  VMThread::run()+0x72
V  [libjvm.so+0x849cb2]  java_start(Thread*)+0xf2

VM_Operation (0x00007f94c30d9a90): ParallelGCFailedAllocation, mode: safepoint, requested by thread 0x00007f94bc00a000


---------------  P R O C E S S  ---------------

Java Threads: ( => current thread )
  0x00007f94bc2ab000 JavaThread "pool-1-thread-1" [_thread_blocked, id=5874, stack(0x00007f94a879c000,0x00007f94a889d000)]
  0x00007f94bc18a000 JavaThread "pool-2-thread-4" [_thread_blocked, id=5862, stack(0x00007f94a889d000,0x00007f94a899e000)]
  0x00007f94bc188800 JavaThread "pool-2-thread-3" [_thread_blocked, id=5861, stack(0x00007f94a899e000,0x00007f94a8a9f000)]
  0x00007f94bc184800 JavaThread "pool-2-thread-2" [_thread_blocked, id=5860, stack(0x00007f94a8a9f000,0x00007f94a8ba0000)]
  0x00007f94bc183000 JavaThread "pool-3-thread-1" [_thread_blocked, id=5859, stack(0x00007f94a8ba0000,0x00007f94a8ca1000)]
  0x00007f94bc182000 JavaThread "pool-2-thread-1" [_thread_blocked, id=5858, stack(0x00007f94a8ca1000,0x00007f94a8da2000)]
  0x00007f94bc0c7800 JavaThread "Service Thread" daemon [_thread_blocked, id=5856, stack(0x00007f94a8fde000,0x00007f94a90df000)]
  0x00007f94bc0bc800 JavaThread "C1 CompilerThread2" daemon [_thread_blocked, id=5855, stack(0x00007f94a90df000,0x00007f94a91e0000)]
  0x00007f94bc0ba800 JavaThread "C2 CompilerThread1" daemon [_thread_blocked, id=5854, stack(0x00007f94a91e0000,0x00007f94a92e1000)]
  0x00007f94bc0b8000 JavaThread "C2 CompilerThread0" daemon [_thread_blocked, id=5853, stack(0x00007f94a92e1000,0x00007f94a93e2000)]
  0x00007f94bc0b6800 JavaThread "Signal Dispatcher" daemon [_thread_blocked, id=5852, stack(0x00007f94a93e2000,0x00007f94a94e3000)]
  0x00007f94bc083800 JavaThread "Finalizer" daemon [_thread_blocked, id=5851, stack(0x00007f94a97be000,0x00007f94a98bf000)]
  0x00007f94bc07f000 JavaThread "Reference Handler" daemon [_thread_blocked, id=5850, stack(0x00007f94a98bf000,0x00007f94a99c0000)]
  0x00007f94bc00a000 JavaThread "main" [_thread_blocked, id=5844, stack(0x00007f94c2fdb000,0x00007f94c30dc000)]

Other Threads:
=>0x00007f94bc077800 VMThread [stack: 0x00007f94a99c0000,0x00007f94a9ac1000] [id=5849]
  0x00007f94bc0ca000 WatcherThread [stack: 0x00007f94a8edd000,0x00007f94a8fde000] [id=5857]

VM state:at safepoint (normal execution)

VM Mutex/Monitor currently owned by a thread:  ([mutex/lock_event])
[0x00007f94bc005ef0] ExpandHeap_lock - owner thread: 0x00007f94bc077800
[0x00007f94bc006570] Threads_lock - owner thread: 0x00007f94bc077800
[0x00007f94bc006a70] Heap_lock - owner thread: 0x00007f94bc00a000

Heap:
 PSYoungGen      total 1171456K, used 0K [0x000000076ab00000, 0x00000007c0000000, 0x00000007c0000000)
  eden space 1003008K, 0% used [0x000000076ab00000,0x000000076ab00000,0x00000007a7e80000)
  from space 168448K, 0% used [0x00000007b3780000,0x00000007b3780000,0x00000007bdc00000)
  to   space 189440K, 0% used [0x00000007a7e80000,0x00000007a7e80000,0x00000007b3780000)
 ParOldGen       total 959488K, used 831596K [0x00000006c0000000, 0x00000006fa900000, 0x000000076ab00000)
  object space 959488K, 86% used [0x00000006c0000000,0x00000006f2c1b3f0,0x00000006fa900000)
 Metaspace       used 6856K, capacity 7632K, committed 7936K, reserved 1056768K
  class space    used 608K, capacity 648K, committed 768K, reserved 1048576K

Card table byte_map: [0x00007f94ac43f000,0x00007f94acc40000] byte_map_base: 0x00007f94a8e3f000

Marking Bits: (ParMarkBitMap*) 0x00007f94c24a8340
 Begin Bits: [0x00007f9484000000, 0x00007f9488000000)
 End Bits:   [0x00007f9488000000, 0x00007f948c000000)

Polling page: 0x00007f94c30f8000

CodeCache: size=245760Kb used=15923Kb max_used=16142Kb free=229836Kb
 bounds [0x00007f94ad000000, 0x00007f94adff0000, 0x00007f94bc000000]
 total_blobs=3423 nmethods=3157 adapters=180
 compilation: enabled

Compilation events (10 events):
Event: 74.258 Thread 0x00007f94bc0bc800 4361       3       com.android.dx.dex.code.ArrayData::codeSize (18 bytes)
Event: 74.258 Thread 0x00007f94bc0bc800 nmethod 4361 0x00007f94ad6c5610 code [0x00007f94ad6c5780, 0x00007f94ad6c5910]
Event: 74.390 Thread 0x00007f94bc0bc800 4365       3       com.android.dx.rop.code.Insn$BaseVisitor::visitFillArrayDataInsn (1 bytes)
Event: 74.390 Thread 0x00007f94bc0bc800 nmethod 4365 0x00007f94ad750650 code [0x00007f94ad7507a0, 0x00007f94ad7508f0]
Event: 74.391 Thread 0x00007f94bc0bc800 4366       3       com.android.dx.dex.code.ArrayData::<init> (189 bytes)
Event: 74.392 Thread 0x00007f94bc0bc800 nmethod 4366 0x00007f94ad2bfa90 code [0x00007f94ad2bfca0, 0x00007f94ad2c0588]
Event: 74.392 Thread 0x00007f94bc0bc800 4367       3       com.android.dx.dex.code.RopTranslator$TranslationVisitor::visitFillArrayDataInsn (126 bytes)
Event: 74.394 Thread 0x00007f94bc0bc800 nmethod 4367 0x00007f94ad4d6550 code [0x00007f94ad4d6860, 0x00007f94ad4d81e8]
Event: 74.394 Thread 0x00007f94bc0bc800 4368       3       com.android.dx.rop.code.ThrowingInsn::withAddedCatch (30 bytes)
Event: 74.395 Thread 0x00007f94bc0bc800 nmethod 4368 0x00007f94ad66ce50 code [0x00007f94ad66cfe0, 0x00007f94ad66d498]

GC Heap History (10 events):
Event: 60.631 GC heap after
Heap after GC invocations=26 (full 5):
 PSYoungGen      total 858624K, used 67666K [0x000000076ab00000, 0x00000007b2280000, 0x00000007c0000000)
  eden space 685568K, 0% used [0x000000076ab00000,0x000000076ab00000,0x0000000794880000)
  from space 173056K, 39% used [0x0000000794880000,0x0000000798a94858,0x000000079f180000)
  to   space 162816K, 0% used [0x00000007a8380000,0x00000007a8380000,0x00000007b2280000)
 ParOldGen       total 763392K, used 682760K [0x00000006c0000000, 0x00000006ee980000, 0x000000076ab00000)
  object space 763392K, 89% used [0x00000006c0000000,0x00000006e9ac2090,0x00000006ee980000)
 Metaspace       used 6478K, capacity 7344K, committed 7552K, reserved 1056768K
  class space    used 589K, capacity 616K, committed 640K, reserved 1048576K
}
Event: 60.631 GC heap before
{Heap before GC invocations=27 (full 6):
 PSYoungGen      total 858624K, used 67666K [0x000000076ab00000, 0x00000007b2280000, 0x00000007c0000000)
  eden space 685568K, 0% used [0x000000076ab00000,0x000000076ab00000,0x0000000794880000)
  from space 173056K, 39% used [0x0000000794880000,0x0000000798a94858,0x000000079f180000)
  to   space 162816K, 0% used [0x00000007a8380000,0x00000007a8380000,0x00000007b2280000)
 ParOldGen       total 763392K, used 682760K [0x00000006c0000000, 0x00000006ee980000, 0x000000076ab00000)
  object space 763392K, 89% used [0x00000006c0000000,0x00000006e9ac2090,0x00000006ee980000)
 Metaspace       used 6478K, capacity 7344K, committed 7552K, reserved 1056768K
  class space    used 589K, capacity 616K, committed 640K, reserved 1048576K
Event: 62.951 GC heap after
Heap after GC invocations=27 (full 6):
 PSYoungGen      total 858624K, used 0K [0x000000076ab00000, 0x00000007b2280000, 0x00000007c0000000)
  eden space 685568K, 0% used [0x000000076ab00000,0x000000076ab00000,0x0000000794880000)
  from space 173056K, 0% used [0x0000000794880000,0x0000000794880000,0x000000079f180000)
  to   space 162816K, 0% used [0x00000007a8380000,0x00000007a8380000,0x00000007b2280000)
 ParOldGen       total 959488K, used 709296K [0x00000006c0000000, 0x00000006fa900000, 0x000000076ab00000)
  object space 959488K, 73% used [0x00000006c0000000,0x00000006eb4ac058,0x00000006fa900000)
 Metaspace       used 6478K, capacity 7344K, committed 7552K, reserved 1056768K
  class space    used 589K, capacity 616K, committed 640K, reserved 1048576K
}
Event: 64.841 GC heap before
{Heap before GC invocations=28 (full 6):
 PSYoungGen      total 858624K, used 685568K [0x000000076ab00000, 0x00000007b2280000, 0x00000007c0000000)
  eden space 685568K, 100% used [0x000000076ab00000,0x0000000794880000,0x0000000794880000)
  from space 173056K, 0% used [0x0000000794880000,0x0000000794880000,0x000000079f180000)
  to   space 162816K, 0% used [0x00000007a8380000,0x00000007a8380000,0x00000007b2280000)
 ParOldGen       total 959488K, used 709296K [0x00000006c0000000, 0x00000006fa900000, 0x000000076ab00000)
  object space 959488K, 73% used [0x00000006c0000000,0x00000006eb4ac058,0x00000006fa900000)
 Metaspace       used 6478K, capacity 7344K, committed 7552K, reserved 1056768K
  class space    used 589K, capacity 616K, committed 640K, reserved 1048576K
Event: 65.467 GC heap after
Heap after GC invocations=28 (full 6):
 PSYoungGen      total 978432K, used 61458K [0x000000076ab00000, 0x00000007b0b80000, 0x00000007c0000000)
  eden space 839168K, 0% used [0x000000076ab00000,0x000000076ab00000,0x000000079de80000)
  from space 139264K, 44% used [0x00000007a8380000,0x00000007abf84ac0,0x00000007b0b80000)
  to   space 154112K, 0% used [0x000000079de80000,0x000000079de80000,0x00000007a7500000)
 ParOldGen       total 959488K, used 709296K [0x00000006c0000000, 0x00000006fa900000, 0x000000076ab00000)
  object space 959488K, 73% used [0x00000006c0000000,0x00000006eb4ac058,0x00000006fa900000)
 Metaspace       used 6478K, capacity 7344K, committed 7552K, reserved 1056768K
  class space    used 589K, capacity 616K, committed 640K, reserved 1048576K
}
Event: 68.841 GC heap before
{Heap before GC invocations=29 (full 6):
 PSYoungGen      total 978432K, used 900626K [0x000000076ab00000, 0x00000007b0b80000, 0x00000007c0000000)
  eden space 839168K, 100% used [0x000000076ab00000,0x000000079de80000,0x000000079de80000)
  from space 139264K, 44% used [0x00000007a8380000,0x00000007abf84ac0,0x00000007b0b80000)
  to   space 154112K, 0% used [0x000000079de80000,0x000000079de80000,0x00000007a7500000)
 ParOldGen       total 959488K, used 709296K [0x00000006c0000000, 0x00000006fa900000, 0x000000076ab00000)
  object space 959488K, 73% used [0x00000006c0000000,0x00000006eb4ac058,0x00000006fa900000)
 Metaspace       used 6584K, capacity 7408K, committed 7552K, reserved 1056768K
  class space    used 595K, capacity 616K, committed 640K, reserved 1048576K
Event: 69.803 GC heap after
Heap after GC invocations=29 (full 6):
 PSYoungGen      total 993280K, used 128767K [0x000000076ab00000, 0x00000007bdc00000, 0x00000007c0000000)
  eden space 839168K, 0% used [0x000000076ab00000,0x000000076ab00000,0x000000079de80000)
  from space 154112K, 83% used [0x000000079de80000,0x00000007a5c3fed8,0x00000007a7500000)
  to   space 168448K, 0% used [0x00000007b3780000,0x00000007b3780000,0x00000007bdc00000)
 ParOldGen       total 959488K, used 767888K [0x00000006c0000000, 0x00000006fa900000, 0x000000076ab00000)
  object space 959488K, 80% used [0x00000006c0000000,0x00000006eede4260,0x00000006fa900000)
 Metaspace       used 6584K, capacity 7408K, committed 7552K, reserved 1056768K
  class space    used 595K, capacity 616K, committed 640K, reserved 1048576K
}
Event: 74.461 GC heap before
{Heap before GC invocations=30 (full 6):
 PSYoungGen      total 993280K, used 967935K [0x000000076ab00000, 0x00000007bdc00000, 0x00000007c0000000)
  eden space 839168K, 100% used [0x000000076ab00000,0x000000079de80000,0x000000079de80000)
  from space 154112K, 83% used [0x000000079de80000,0x00000007a5c3fed8,0x00000007a7500000)
  to   space 168448K, 0% used [0x00000007b3780000,0x00000007b3780000,0x00000007bdc00000)
 ParOldGen       total 959488K, used 767888K [0x00000006c0000000, 0x00000006fa900000, 0x000000076ab00000)
  object space 959488K, 80% used [0x00000006c0000000,0x00000006eede4260,0x00000006fa900000)
 Metaspace       used 6856K, capacity 7632K, committed 7936K, reserved 1056768K
  class space    used 608K, capacity 648K, committed 768K, reserved 1048576K
Event: 77.748 GC heap after
Heap after GC invocations=30 (full 6):
 PSYoungGen      total 1171456K, used 153423K [0x000000076ab00000, 0x00000007c0000000, 0x00000007c0000000)
  eden space 1003008K, 0% used [0x000000076ab00000,0x000000076ab00000,0x00000007a7e80000)
  from space 168448K, 91% used [0x00000007b3780000,0x00000007bcd53f30,0x00000007bdc00000)
  to   space 189440K, 0% used [0x00000007a7e80000,0x00000007a7e80000,0x00000007b3780000)
 ParOldGen       total 959488K, used 892794K [0x00000006c0000000, 0x00000006fa900000, 0x000000076ab00000)
  object space 959488K, 93% used [0x00000006c0000000,0x00000006f67debd8,0x00000006fa900000)
 Metaspace       used 6856K, capacity 7632K, committed 7936K, reserved 1056768K
  class space    used 608K, capacity 648K, committed 768K, reserved 1048576K
}
Event: 77.748 GC heap before
{Heap before GC invocations=31 (full 7):
 PSYoungGen      total 1171456K, used 153423K [0x000000076ab00000, 0x00000007c0000000, 0x00000007c0000000)
  eden space 1003008K, 0% used [0x000000076ab00000,0x000000076ab00000,0x00000007a7e80000)
  from space 168448K, 91% used [0x00000007b3780000,0x00000007bcd53f30,0x00000007bdc00000)
  to   space 189440K, 0% used [0x00000007a7e80000,0x00000007a7e80000,0x00000007b3780000)
 ParOldGen       total 959488K, used 892794K [0x00000006c0000000, 0x00000006fa900000, 0x000000076ab00000)
  object space 959488K, 93% used [0x00000006c0000000,0x00000006f67debd8,0x00000006fa900000)
 Metaspace       used 6856K, capacity 7632K, committed 7936K, reserved 1056768K
  class space    used 608K, capacity 648K, committed 768K, reserved 1048576K

Deoptimization events (10 events):
Event: 73.093 Thread 0x00007f94bc2ab000 Uncommon trap: reason=unstable_if action=reinterpret pc=0x00007f94adf2faac method=com.android.dx.dex.code.LocalList$MakeState.filterSpec(Lcom/android/dx/rop/code/RegisterSpec;)Lcom/android/dx/rop/code/RegisterSpec; @ 11
Event: 73.094 Thread 0x00007f94bc2ab000 Uncommon trap: reason=unstable_if action=reinterpret pc=0x00007f94ade934d8 method=com.android.dx.dex.code.LocalList$MakeState.filterSpec(Lcom/android/dx/rop/code/RegisterSpec;)Lcom/android/dx/rop/code/RegisterSpec; @ 11
Event: 73.094 Thread 0x00007f94bc2ab000 Uncommon trap: reason=unstable_if action=reinterpret pc=0x00007f94ade6fba8 method=com.android.dx.dex.code.LocalList$MakeState.filterSpec(Lcom/android/dx/rop/code/RegisterSpec;)Lcom/android/dx/rop/code/RegisterSpec; @ 11
Event: 73.273 Thread 0x00007f94bc18a000 Uncommon trap: reason=unstable_if action=reinterpret pc=0x00007f94add36e88 method=com.android.dx.cf.code.Ropper.processBlock(Lcom/android/dx/cf/code/ByteBlock;Lcom/android/dx/cf/code/Frame;[I)V @ 791
Event: 73.321 Thread 0x00007f94bc2ab000 Uncommon trap: reason=unstable_if action=reinterpret pc=0x00007f94adf921d4 method=com.android.dx.dex.code.LocalList$MakeState.aboutToProcess(II)V @ 54
Event: 73.324 Thread 0x00007f94bc2ab000 Uncommon trap: reason=unstable_if action=reinterpret pc=0x00007f94ade7337c method=com.android.dx.dex.code.LocalList$MakeState.aboutToProcess(II)V @ 54
Event: 73.865 Thread 0x00007f94bc2ab000 Uncommon trap: reason=unstable_if action=reinterpret pc=0x00007f94adfbdf80 method=com.android.dx.dex.code.LocalList$MakeState.startLocal(ILcom/android/dx/rop/code/RegisterSpec;)V @ 71
Event: 73.865 Thread 0x00007f94bc2ab000 Uncommon trap: reason=unstable_if action=reinterpret pc=0x00007f94adfc3e5c method=com.android.dx.dex.code.LocalList$MakeState.startLocal(ILcom/android/dx/rop/code/RegisterSpec;)V @ 71
Event: 73.913 Thread 0x00007f94bc2ab000 Uncommon trap: reason=null_check action=make_not_entrant pc=0x00007f94ad5b34c8 method=com.android.dx.dex.code.LocalList$MakeState.checkForEmptyRange(ILcom/android/dx/rop/code/RegisterSpec;)Z @ 119
Event: 74.126 Thread 0x00007f94bc188800 Uncommon trap: reason=unstable_if action=reinterpret pc=0x00007f94adb69c5c method=com.android.dx.ssa.SCCP.simulateMath(Lcom/android/dx/ssa/SsaInsn;I)Lcom/android/dx/rop/cst/Constant; @ 409

Internal exceptions (10 events):
Event: 1.639 Thread 0x00007f94bc182000 Implicit null exception at 0x00007f94ad3376a2 to 0x00007f94ad3377a3
Event: 1.877 Thread 0x00007f94bc184800 Implicit null exception at 0x00007f94ad31cb12 to 0x00007f94ad31f281
Event: 1.997 Thread 0x00007f94bc00a000 Implicit null exception at 0x00007f94ad346a29 to 0x00007f94ad3481c5
Event: 2.720 Thread 0x00007f94bc184800 Exception <a 'java/lang/ArrayIndexOutOfBoundsException': 18> (0x000000076b011aa0) thrown at [/ssd/Android/AOSP-openjdk-git/jdk8u/hotspot/src/share/vm/interpreter/interpreterRuntime.cpp, line 366]
Event: 2.720 Thread 0x00007f94bc184800 Exception <a 'java/lang/ArrayIndexOutOfBoundsException': 145> (0x000000076b013620) thrown at [/ssd/Android/AOSP-openjdk-git/jdk8u/hotspot/src/share/vm/interpreter/interpreterRuntime.cpp, line 366]
Event: 2.730 Thread 0x00007f94bc184800 Exception <a 'java/lang/ArrayIndexOutOfBoundsException'> (0x000000076b014908) thrown at [/ssd/Android/AOSP-openjdk-git/jdk8u/hotspot/src/share/vm/runtime/sharedRuntime.cpp, line 605]
Event: 21.100 Thread 0x00007f94bc182000 Implicit null exception at 0x00007f94adafaba0 to 0x00007f94adafbce5
Event: 65.578 Thread 0x00007f94bc18a000 Implicit null exception at 0x00007f94ad3ca8cc to 0x00007f94ad3ca9d3
Event: 67.645 Thread 0x00007f94bc2ab000 Implicit null exception at 0x00007f94adc4dd7c to 0x00007f94adc53495
Event: 73.913 Thread 0x00007f94bc2ab000 Implicit null exception at 0x00007f94ad5b1c7c to 0x00007f94ad5b34a9

Events (10 events):
Event: 74.066 Thread 0x00007f94bc2ab000 DEOPT PACKING pc=0x00007f94ad428209 sp=0x00007f94a889b4a0
Event: 74.066 Thread 0x00007f94bc2ab000 DEOPT UNPACKING pc=0x00007f94ad047373 sp=0x00007f94a889b210 mode 0
Event: 74.090 Thread 0x00007f94bc2ab000 DEOPT PACKING pc=0x00007f94ad428209 sp=0x00007f94a889b4a0
Event: 74.090 Thread 0x00007f94bc2ab000 DEOPT UNPACKING pc=0x00007f94ad047373 sp=0x00007f94a889b210 mode 0
Event: 74.126 Thread 0x00007f94bc188800 Uncommon trap: trap_request=0xffffff65 fr.pc=0x00007f94adb69c5c
Event: 74.126 Thread 0x00007f94bc188800 DEOPT PACKING pc=0x00007f94adb69c5c sp=0x00007f94a8a9d300
Event: 74.126 Thread 0x00007f94bc188800 DEOPT UNPACKING pc=0x00007f94ad004f69 sp=0x00007f94a8a9d270 mode 2
Event: 74.246 Thread 0x00007f94bc182000 DEOPT PACKING pc=0x00007f94ad8b69c2 sp=0x00007f94a8da0390
Event: 74.246 Thread 0x00007f94bc182000 DEOPT UNPACKING pc=0x00007f94ad047373 sp=0x00007f94a8da0180 mode 0
Event: 74.461 Executing VM operation: ParallelGCFailedAllocation


Dynamic libraries:
00400000-00401000 r-xp 00000000 08:07 5244466                            /opt/android-studio/jre/bin/java
00600000-00601000 r--p 00000000 08:07 5244466                            /opt/android-studio/jre/bin/java
00601000-00602000 rw-p 00001000 08:07 5244466                            /opt/android-studio/jre/bin/java
019d6000-019f7000 rw-p 00000000 00:00 0                                  [heap]
6c0000000-6fa900000 rw-p 00000000 00:00 0 
704880000-76ab00000 ---p 00000000 00:00 0 
76ab00000-7c0000000 rw-p 00000000 00:00 0 
7c0000000-7c00c0000 rw-p 00000000 00:00 0 
7c00c0000-800000000 ---p 00000000 00:00 0 
7f944c000000-7f944c04b000 rw-p 00000000 00:00 0 
7f944c04b000-7f9450000000 ---p 00000000 00:00 0 
7f9450000000-7f9450050000 rw-p 00000000 00:00 0 
7f9450050000-7f9454000000 ---p 00000000 00:00 0 
7f9454000000-7f9454047000 rw-p 00000000 00:00 0 
7f9454047000-7f9458000000 ---p 00000000 00:00 0 
7f9458000000-7f9458067000 rw-p 00000000 00:00 0 
7f9458067000-7f945c000000 ---p 00000000 00:00 0 
7f945c000000-7f945c049000 rw-p 00000000 00:00 0 
7f945c049000-7f9460000000 ---p 00000000 00:00 0 
7f9460000000-7f9460021000 rw-p 00000000 00:00 0 
7f9460021000-7f9464000000 ---p 00000000 00:00 0 
7f9464000000-7f9464021000 rw-p 00000000 00:00 0 
7f9464021000-7f9468000000 ---p 00000000 00:00 0 
7f9468000000-7f9468021000 rw-p 00000000 00:00 0 
7f9468021000-7f946c000000 ---p 00000000 00:00 0 
7f946c000000-7f946dcf5000 rw-p 00000000 00:00 0 
7f946dcf5000-7f9470000000 ---p 00000000 00:00 0 
7f9470000000-7f9470af5000 rw-p 00000000 00:00 0 
7f9470af5000-7f9474000000 ---p 00000000 00:00 0 
7f9474000000-7f9474021000 rw-p 00000000 00:00 0 
7f9474021000-7f9478000000 ---p 00000000 00:00 0 
7f9478000000-7f9479f1e000 rw-p 00000000 00:00 0 
7f9479f1e000-7f947c000000 ---p 00000000 00:00 0 
7f947c000000-7f947c021000 rw-p 00000000 00:00 0 
7f947c021000-7f9480000000 ---p 00000000 00:00 0 
7f9480000000-7f9480021000 rw-p 00000000 00:00 0 
7f9480021000-7f9484000000 ---p 00000000 00:00 0 
7f9484000000-7f948c000000 rw-p 00000000 00:00 0 
7f948c000000-7f948c021000 rw-p 00000000 00:00 0 
7f948c021000-7f9490000000 ---p 00000000 00:00 0 
7f9490000000-7f9490280000 rw-p 00000000 00:00 0 
7f9490280000-7f9494000000 ---p 00000000 00:00 0 
7f9494000000-7f9494021000 rw-p 00000000 00:00 0 
7f9494021000-7f9498000000 ---p 00000000 00:00 0 
7f949c000000-7f949c021000 rw-p 00000000 00:00 0 
7f949c021000-7f94a0000000 ---p 00000000 00:00 0 
7f94a4000000-7f94a4021000 rw-p 00000000 00:00 0 
7f94a4021000-7f94a8000000 ---p 00000000 00:00 0 
7f94a879c000-7f94a879f000 ---p 00000000 00:00 0 
7f94a879f000-7f94a889d000 rw-p 00000000 00:00 0 
7f94a889d000-7f94a88a0000 ---p 00000000 00:00 0 
7f94a88a0000-7f94a899e000 rw-p 00000000 00:00 0 
7f94a899e000-7f94a89a1000 ---p 00000000 00:00 0 
7f94a89a1000-7f94a8a9f000 rw-p 00000000 00:00 0 
7f94a8a9f000-7f94a8aa2000 ---p 00000000 00:00 0 
7f94a8aa2000-7f94a8ba0000 rw-p 00000000 00:00 0 
7f94a8ba0000-7f94a8ba3000 ---p 00000000 00:00 0 
7f94a8ba3000-7f94a8ca1000 rw-p 00000000 00:00 0 
7f94a8ca1000-7f94a8ca4000 ---p 00000000 00:00 0 
7f94a8ca4000-7f94a8da2000 rw-p 00000000 00:00 0 
7f94a8da2000-7f94a8edd000 r--s 00cd2000 08:07 8523515                    /home/arunrk/AndroidStudioProjects/Jobs/app/build/intermediates/transforms/jarMerging/release/0.jar
7f94a8edd000-7f94a8ede000 ---p 00000000 00:00 0 
7f94a8ede000-7f94a8fde000 rw-p 00000000 00:00 0 
7f94a8fde000-7f94a8fe1000 ---p 00000000 00:00 0 
7f94a8fe1000-7f94a90df000 rw-p 00000000 00:00 0 
7f94a90df000-7f94a90e2000 ---p 00000000 00:00 0 
7f94a90e2000-7f94a91e0000 rw-p 00000000 00:00 0 
7f94a91e0000-7f94a91e3000 ---p 00000000 00:00 0 
7f94a91e3000-7f94a92e1000 rw-p 00000000 00:00 0 
7f94a92e1000-7f94a92e4000 ---p 00000000 00:00 0 
7f94a92e4000-7f94a93e2000 rw-p 00000000 00:00 0 
7f94a93e2000-7f94a93e5000 ---p 00000000 00:00 0 
7f94a93e5000-7f94a94e3000 rw-p 00000000 00:00 0 
7f94a94e3000-7f94a97be000 r--p 00000000 08:07 10749497                   /usr/lib/locale/locale-archive
7f94a97be000-7f94a97c1000 ---p 00000000 00:00 0 
7f94a97c1000-7f94a98bf000 rw-p 00000000 00:00 0 
7f94a98bf000-7f94a98c2000 ---p 00000000 00:00 0 
7f94a98c2000-7f94a99c0000 rw-p 00000000 00:00 0 
7f94a99c0000-7f94a99c1000 ---p 00000000 00:00 0 
7f94a99c1000-7f94aaaa2000 rw-p 00000000 00:00 0 
7f94aaaa2000-7f94aac71000 r--s 03c21000 08:07 5244406                    /opt/android-studio/jre/jre/lib/rt.jar
7f94aac71000-7f94ab3e7000 rw-p 00000000 00:00 0 
7f94ab3e7000-7f94ab4e7000 ---p 00000000 00:00 0 
7f94ab4e7000-7f94abce7000 rw-p 00000000 00:00 0 
7f94abce7000-7f94abce8000 ---p 00000000 00:00 0 
7f94abce8000-7f94abde8000 rw-p 00000000 00:00 0 
7f94abde8000-7f94abde9000 ---p 00000000 00:00 0 
7f94abde9000-7f94ac0be000 rw-p 00000000 00:00 0 
7f94ac0be000-7f94ac43f000 ---p 00000000 00:00 0 
7f94ac43f000-7f94ac614000 rw-p 00000000 00:00 0 
7f94ac614000-7f94ac994000 ---p 00000000 00:00 0 
7f94ac994000-7f94acc3f000 rw-p 00000000 00:00 0 
7f94acc3f000-7f94acc80000 rw-p 00000000 00:00 0 
7f94acc80000-7f94ad000000 ---p 00000000 00:00 0 
7f94ad000000-7f94adff0000 rwxp 00000000 00:00 0 
7f94adff0000-7f94bc000000 ---p 00000000 00:00 0 
7f94bc000000-7f94bc3f4000 rw-p 00000000 00:00 0 
7f94bc3f4000-7f94c0000000 ---p 00000000 00:00 0 
7f94c000a000-7f94c002b000 rw-p 00000000 00:00 0 
7f94c002b000-7f94c002c000 ---p 00000000 00:00 0 
7f94c002c000-7f94c012c000 rw-p 00000000 00:00 0 
7f94c012c000-7f94c012d000 ---p 00000000 00:00 0 
7f94c012d000-7f94c022d000 rw-p 00000000 00:00 0 
7f94c022d000-7f94c0247000 r-xp 00000000 08:07 5244326                    /opt/android-studio/jre/jre/lib/amd64/libzip.so
7f94c0247000-7f94c0447000 ---p 0001a000 08:07 5244326                    /opt/android-studio/jre/jre/lib/amd64/libzip.so
7f94c0447000-7f94c0448000 r--p 0001a000 08:07 5244326                    /opt/android-studio/jre/jre/lib/amd64/libzip.so
7f94c0448000-7f94c0449000 rw-p 0001b000 08:07 5244326                    /opt/android-studio/jre/jre/lib/amd64/libzip.so
7f94c0449000-7f94c0454000 r-xp 00000000 08:07 9961565                    /lib/x86_64-linux-gnu/libnss_files-2.24.so
7f94c0454000-7f94c0653000 ---p 0000b000 08:07 9961565                    /lib/x86_64-linux-gnu/libnss_files-2.24.so
7f94c0653000-7f94c0654000 r--p 0000a000 08:07 9961565                    /lib/x86_64-linux-gnu/libnss_files-2.24.so
7f94c0654000-7f94c0655000 rw-p 0000b000 08:07 9961565                    /lib/x86_64-linux-gnu/libnss_files-2.24.so
7f94c0655000-7f94c065b000 rw-p 00000000 00:00 0 
7f94c065b000-7f94c0666000 r-xp 00000000 08:07 9961567                    /lib/x86_64-linux-gnu/libnss_nis-2.24.so
7f94c0666000-7f94c0865000 ---p 0000b000 08:07 9961567                    /lib/x86_64-linux-gnu/libnss_nis-2.24.so
7f94c0865000-7f94c0866000 r--p 0000a000 08:07 9961567                    /lib/x86_64-linux-gnu/libnss_nis-2.24.so
7f94c0866000-7f94c0867000 rw-p 0000b000 08:07 9961567                    /lib/x86_64-linux-gnu/libnss_nis-2.24.so
7f94c0867000-7f94c087d000 r-xp 00000000 08:07 9961562                    /lib/x86_64-linux-gnu/libnsl-2.24.so
7f94c087d000-7f94c0a7c000 ---p 00016000 08:07 9961562                    /lib/x86_64-linux-gnu/libnsl-2.24.so
7f94c0a7c000-7f94c0a7d000 r--p 00015000 08:07 9961562                    /lib/x86_64-linux-gnu/libnsl-2.24.so
7f94c0a7d000-7f94c0a7e000 rw-p 00016000 08:07 9961562                    /lib/x86_64-linux-gnu/libnsl-2.24.so
7f94c0a7e000-7f94c0a80000 rw-p 00000000 00:00 0 
7f94c0a80000-7f94c0a88000 r-xp 00000000 08:07 9961563                    /lib/x86_64-linux-gnu/libnss_compat-2.24.so
7f94c0a88000-7f94c0c87000 ---p 00008000 08:07 9961563                    /lib/x86_64-linux-gnu/libnss_compat-2.24.so
7f94c0c87000-7f94c0c88000 r--p 00007000 08:07 9961563                    /lib/x86_64-linux-gnu/libnss_compat-2.24.so
7f94c0c88000-7f94c0c89000 rw-p 00008000 08:07 9961563                    /lib/x86_64-linux-gnu/libnss_compat-2.24.so
7f94c0c89000-7f94c0cb6000 r-xp 00000000 08:07 5244340                    /opt/android-studio/jre/jre/lib/amd64/libjava.so
7f94c0cb6000-7f94c0eb5000 ---p 0002d000 08:07 5244340                    /opt/android-studio/jre/jre/lib/amd64/libjava.so
7f94c0eb5000-7f94c0eb6000 r--p 0002c000 08:07 5244340                    /opt/android-studio/jre/jre/lib/amd64/libjava.so
7f94c0eb6000-7f94c0eb8000 rw-p 0002d000 08:07 5244340                    /opt/android-studio/jre/jre/lib/amd64/libjava.so
7f94c0eb8000-7f94c0ec8000 r-xp 00000000 08:07 5244347                    /opt/android-studio/jre/jre/lib/amd64/libverify.so
7f94c0ec8000-7f94c10c7000 ---p 00010000 08:07 5244347                    /opt/android-studio/jre/jre/lib/amd64/libverify.so
7f94c10c7000-7f94c10c9000 r--p 0000f000 08:07 5244347                    /opt/android-studio/jre/jre/lib/amd64/libverify.so
7f94c10c9000-7f94c10ca000 rw-p 00011000 08:07 5244347                    /opt/android-studio/jre/jre/lib/amd64/libverify.so
7f94c10ca000-7f94c10d1000 r-xp 00000000 08:07 9966016                    /lib/x86_64-linux-gnu/librt-2.24.so
7f94c10d1000-7f94c12d0000 ---p 00007000 08:07 9966016                    /lib/x86_64-linux-gnu/librt-2.24.so
7f94c12d0000-7f94c12d1000 r--p 00006000 08:07 9966016                    /lib/x86_64-linux-gnu/librt-2.24.so
7f94c12d1000-7f94c12d2000 rw-p 00007000 08:07 9966016                    /lib/x86_64-linux-gnu/librt-2.24.so
7f94c12d2000-7f94c13da000 r-xp 00000000 08:07 9961559                    /lib/x86_64-linux-gnu/libm-2.24.so
7f94c13da000-7f94c15d9000 ---p 00108000 08:07 9961559                    /lib/x86_64-linux-gnu/libm-2.24.so
7f94c15d9000-7f94c15da000 r--p 00107000 08:07 9961559                    /lib/x86_64-linux-gnu/libm-2.24.so
7f94c15da000-7f94c15db000 rw-p 00108000 08:07 9961559                    /lib/x86_64-linux-gnu/libm-2.24.so
7f94c15db000-7f94c21cb000 r-xp 00000000 08:07 5244344                    /opt/android-studio/jre/jre/lib/amd64/server/libjvm.so
7f94c21cb000-7f94c23cb000 ---p 00bf0000 08:07 5244344                    /opt/android-studio/jre/jre/lib/amd64/server/libjvm.so
7f94c23cb000-7f94c246a000 r--p 00bf0000 08:07 5244344                    /opt/android-studio/jre/jre/lib/amd64/server/libjvm.so
7f94c246a000-7f94c2493000 rw-p 00c8f000 08:07 5244344                    /opt/android-studio/jre/jre/lib/amd64/server/libjvm.so
7f94c2493000-7f94c24d7000 rw-p 00000000 00:00 0 
7f94c24d7000-7f94c24ef000 r-xp 00000000 08:07 9963017                    /lib/x86_64-linux-gnu/libpthread-2.24.so
7f94c24ef000-7f94c26ef000 ---p 00018000 08:07 9963017                    /lib/x86_64-linux-gnu/libpthread-2.24.so
7f94c26ef000-7f94c26f0000 r--p 00018000 08:07 9963017                    /lib/x86_64-linux-gnu/libpthread-2.24.so
7f94c26f0000-7f94c26f1000 rw-p 00019000 08:07 9963017                    /lib/x86_64-linux-gnu/libpthread-2.24.so
7f94c26f1000-7f94c26f5000 rw-p 00000000 00:00 0 
7f94c26f5000-7f94c26f8000 r-xp 00000000 08:07 9961558                    /lib/x86_64-linux-gnu/libdl-2.24.so
7f94c26f8000-7f94c28f7000 ---p 00003000 08:07 9961558                    /lib/x86_64-linux-gnu/libdl-2.24.so
7f94c28f7000-7f94c28f8000 r--p 00002000 08:07 9961558                    /lib/x86_64-linux-gnu/libdl-2.24.so
7f94c28f8000-7f94c28f9000 rw-p 00003000 08:07 9961558                    /lib/x86_64-linux-gnu/libdl-2.24.so
7f94c28f9000-7f94c2ab7000 r-xp 00000000 08:07 9961555                    /lib/x86_64-linux-gnu/libc-2.24.so
7f94c2ab7000-7f94c2cb6000 ---p 001be000 08:07 9961555                    /lib/x86_64-linux-gnu/libc-2.24.so
7f94c2cb6000-7f94c2cba000 r--p 001bd000 08:07 9961555                    /lib/x86_64-linux-gnu/libc-2.24.so
7f94c2cba000-7f94c2cbc000 rw-p 001c1000 08:07 9961555                    /lib/x86_64-linux-gnu/libc-2.24.so
7f94c2cbc000-7f94c2cc0000 rw-p 00000000 00:00 0 
7f94c2cc0000-7f94c2cd6000 r-xp 00000000 08:07 5244280                    /opt/android-studio/jre/lib/amd64/jli/libjli.so
7f94c2cd6000-7f94c2ed5000 ---p 00016000 08:07 5244280                    /opt/android-studio/jre/lib/amd64/jli/libjli.so
7f94c2ed5000-7f94c2ed6000 r--p 00015000 08:07 5244280                    /opt/android-studio/jre/lib/amd64/jli/libjli.so
7f94c2ed6000-7f94c2ed7000 rw-p 00016000 08:07 5244280                    /opt/android-studio/jre/lib/amd64/jli/libjli.so
7f94c2ed7000-7f94c2efd000 r-xp 00000000 08:07 9961487                    /lib/x86_64-linux-gnu/ld-2.24.so
7f94c2f08000-7f94c2fdb000 rw-p 00000000 00:00 0 
7f94c2fdb000-7f94c2fde000 ---p 00000000 00:00 0 
7f94c2fde000-7f94c30de000 rw-p 00000000 00:00 0 
7f94c30e0000-7f94c30ef000 r--s 000e4000 08:07 2759413                    /home/arunrk/Android/Sdk/build-tools/26.0.0/lib/dx.jar
7f94c30ef000-7f94c30f7000 rw-s 00000000 08:07 2106783                    /tmp/hsperfdata_arunrk/5840
7f94c30f7000-7f94c30f8000 rw-p 00000000 00:00 0 
7f94c30f8000-7f94c30f9000 ---p 00000000 00:00 0 
7f94c30f9000-7f94c30fc000 rw-p 00000000 00:00 0 
7f94c30fc000-7f94c30fd000 r--p 00025000 08:07 9961487                    /lib/x86_64-linux-gnu/ld-2.24.so
7f94c30fd000-7f94c30fe000 rw-p 00026000 08:07 9961487                    /lib/x86_64-linux-gnu/ld-2.24.so
7f94c30fe000-7f94c30ff000 rw-p 00000000 00:00 0 
7ffd1ea65000-7ffd1ea87000 rw-p 00000000 00:00 0                          [stack]
7ffd1eacf000-7ffd1ead1000 r--p 00000000 00:00 0                          [vvar]
7ffd1ead1000-7ffd1ead3000 r-xp 00000000 00:00 0                          [vdso]
ffffffffff600000-ffffffffff601000 r-xp 00000000 00:00 0                  [vsyscall]

VM Arguments:
jvm_args: -Djava.awt.headless=true -Xmx4g -Dfile.encoding=UTF-8 -Duser.country=IN -Duser.language=en -Duser.variant 
java_command: com.android.dx.command.Main --dex --num-threads=4 --multi-dex --main-dex-list /home/arunrk/AndroidStudioProjects/Jobs/app/build/intermediates/multi-dex/release/maindexlist.txt --output /home/arunrk/AndroidStudioProjects/Jobs/app/build/intermediates/transforms/dex/release/0 --min-sdk-version 15 /home/arunrk/AndroidStudioProjects/Jobs/app/build/intermediates/transforms/jarMerging/release/0.jar
java_class_path (initial): /home/arunrk/Android/Sdk/build-tools/26.0.0/lib/dx.jar
Launcher Type: SUN_STANDARD

Environment Variables:
JAVA_HOME=/usr/lib/jvm/java-8-oracle
PATH=/usr/local/sbin:/usr/local/bin:/usr/sbin:/usr/bin:/sbin:/bin:/usr/games:/usr/local/games:/snap/bin:/usr/lib/jvm/java-8-oracle/bin:/usr/lib/jvm/java-8-oracle/db/bin:/usr/lib/jvm/java-8-oracle/jre/bin
LD_LIBRARY_PATH=.:
SHELL=/bin/bash
DISPLAY=:0

Signal Handlers:
SIGSEGV: [libjvm.so+0x9e5260], sa_mask[0]=11111111011111111101111111111110, sa_flags=SA_RESTART|SA_SIGINFO
SIGBUS: [libjvm.so+0x9e5260], sa_mask[0]=11111111011111111101111111111110, sa_flags=SA_RESTART|SA_SIGINFO
SIGFPE: [libjvm.so+0x848480], sa_mask[0]=11111111011111111101111111111110, sa_flags=SA_RESTART|SA_SIGINFO
SIGPIPE: [libjvm.so+0x848480], sa_mask[0]=11111111011111111101111111111110, sa_flags=SA_RESTART|SA_SIGINFO
SIGXFSZ: [libjvm.so+0x848480], sa_mask[0]=11111111011111111101111111111110, sa_flags=SA_RESTART|SA_SIGINFO
SIGILL: [libjvm.so+0x848480], sa_mask[0]=11111111011111111101111111111110, sa_flags=SA_RESTART|SA_SIGINFO
SIGUSR1: SIG_DFL, sa_mask[0]=00000000000000000000000000000000, sa_flags=none
SIGUSR2: [libjvm.so+0x848350], sa_mask[0]=00100000000000000000000000000000, sa_flags=SA_RESTART|SA_SIGINFO
SIGHUP: [libjvm.so+0x848540], sa_mask[0]=11111111011111111101111111111110, sa_flags=SA_RESTART|SA_SIGINFO
SIGINT: [libjvm.so+0x848540], sa_mask[0]=11111111011111111101111111111110, sa_flags=SA_RESTART|SA_SIGINFO
SIGTERM: [libjvm.so+0x848540], sa_mask[0]=11111111011111111101111111111110, sa_flags=SA_RESTART|SA_SIGINFO
SIGQUIT: [libjvm.so+0x848540], sa_mask[0]=11111111011111111101111111111110, sa_flags=SA_RESTART|SA_SIGINFO


---------------  S Y S T E M  ---------------

OS:DISTRIB_ID=Ubuntu
DISTRIB_RELEASE=17.04
DISTRIB_CODENAME=zesty
DISTRIB_DESCRIPTION="Ubuntu 17.04"

uname:Linux 4.10.0-33-generic #37-Ubuntu SMP Fri Aug 11 10:55:28 UTC 2017 x86_64
libc:glibc 2.24 NPTL 2.24 
rlimit: STACK 8192k, CORE 0k, NPROC 23172, NOFILE 4096, AS infinity
load average:7.70 3.48 2.13

/proc/meminfo:
MemTotal:        5977740 kB
MemFree:          114188 kB
MemAvailable:      38520 kB
Buffers:            1260 kB
Cached:           190360 kB
SwapCached:        47072 kB
Active:          4897644 kB
Inactive:         725564 kB
Active(anon):    4865316 kB
Inactive(anon):   694720 kB
Active(file):      32328 kB
Inactive(file):    30844 kB
Unevictable:          80 kB
Mlocked:              80 kB
SwapTotal:       2097148 kB
SwapFree:          15000 kB
Dirty:                44 kB
Writeback:          3800 kB
AnonPages:       5387264 kB
Mapped:           132976 kB
Shmem:            128440 kB
Slab:              94236 kB
SReclaimable:      45240 kB
SUnreclaim:        48996 kB
KernelStack:       12368 kB
PageTables:        67568 kB
NFS_Unstable:          0 kB
Bounce:                0 kB
WritebackTmp:          0 kB
CommitLimit:     5086016 kB
Committed_AS:   13267740 kB
VmallocTotal:   34359738367 kB
VmallocUsed:           0 kB
VmallocChunk:          0 kB
HardwareCorrupted:     0 kB
AnonHugePages:   1437696 kB
ShmemHugePages:        0 kB
ShmemPmdMapped:        0 kB
CmaTotal:              0 kB
CmaFree:               0 kB
HugePages_Total:       0
HugePages_Free:        0
HugePages_Rsvd:        0
HugePages_Surp:        0
Hugepagesize:       2048 kB
DirectMap4k:      190976 kB
DirectMap2M:     5969920 kB
DirectMap1G:     1048576 kB


CPU:total 4 (2 cores per cpu, 2 threads per core) family 6 model 69 stepping 1, cmov, cx8, fxsr, mmx, sse, sse2, sse3, ssse3, sse4.1, sse4.2, popcnt, avx, avx2, aes, clmul, erms, lzcnt, ht, tsc, tscinvbit, bmi1, bmi2

/proc/cpuinfo:
processor	: 0
vendor_id	: GenuineIntel
cpu family	: 6
model		: 69
model name	: Intel(R) Core(TM) i3-4005U CPU @ 1.70GHz
stepping	: 1
microcode	: 0x1f
cpu MHz		: 1700.000
cache size	: 3072 KB
physical id	: 0
siblings	: 4
core id		: 0
cpu cores	: 2
apicid		: 0
initial apicid	: 0
fpu		: yes
fpu_exception	: yes
cpuid level	: 13
wp		: yes
flags		: fpu vme de pse tsc msr pae mce cx8 apic sep mtrr pge mca cmov pat pse36 clflush dts acpi mmx fxsr sse sse2 ss ht tm pbe syscall nx pdpe1gb rdtscp lm constant_tsc arch_perfmon pebs bts rep_good nopl xtopology nonstop_tsc aperfmperf pni pclmulqdq dtes64 monitor ds_cpl vmx est tm2 ssse3 sdbg fma cx16 xtpr pdcm pcid sse4_1 sse4_2 movbe popcnt tsc_deadline_timer aes xsave avx f16c rdrand lahf_lm abm epb tpr_shadow vnmi flexpriority ept vpid fsgsbase tsc_adjust bmi1 avx2 smep bmi2 erms invpcid xsaveopt dtherm ida arat pln pts
bugs		:
bogomips	: 3392.19
clflush size	: 64
cache_alignment	: 64
address sizes	: 39 bits physical, 48 bits virtual
power management:

processor	: 1
vendor_id	: GenuineIntel
cpu family	: 6
model		: 69
model name	: Intel(R) Core(TM) i3-4005U CPU @ 1.70GHz
stepping	: 1
microcode	: 0x1f
cpu MHz		: 1700.000
cache size	: 3072 KB
physical id	: 0
siblings	: 4
core id		: 0
cpu cores	: 2
apicid		: 1
initial apicid	: 1
fpu		: yes
fpu_exception	: yes
cpuid level	: 13
wp		: yes
flags		: fpu vme de pse tsc msr pae mce cx8 apic sep mtrr pge mca cmov pat pse36 clflush dts acpi mmx fxsr sse sse2 ss ht tm pbe syscall nx pdpe1gb rdtscp lm constant_tsc arch_perfmon pebs bts rep_good nopl xtopology nonstop_tsc aperfmperf pni pclmulqdq dtes64 monitor ds_cpl vmx est tm2 ssse3 sdbg fma cx16 xtpr pdcm pcid sse4_1 sse4_2 movbe popcnt tsc_deadline_timer aes xsave avx f16c rdrand lahf_lm abm epb tpr_shadow vnmi flexpriority ept vpid fsgsbase tsc_adjust bmi1 avx2 smep bmi2 erms invpcid xsaveopt dtherm ida arat pln pts
bugs		:
bogomips	: 3392.19
clflush size	: 64
cache_alignment	: 64
address sizes	: 39 bits physical, 48 bits virtual
power management:

processor	: 2
vendor_id	: GenuineIntel
cpu family	: 6
model		: 69
model name	: Intel(R) Core(TM) i3-4005U CPU @ 1.70GHz
stepping	: 1
microcode	: 0x1f
cpu MHz		: 1700.000
cache size	: 3072 KB
physical id	: 0
siblings	: 4
core id		: 1
cpu cores	: 2
apicid		: 2
initial apicid	: 2
fpu		: yes
fpu_exception	: yes
cpuid level	: 13
wp		: yes
flags		: fpu vme de pse tsc msr pae mce cx8 apic sep mtrr pge mca cmov pat pse36 clflush dts acpi mmx fxsr sse sse2 ss ht tm pbe syscall nx pdpe1gb rdtscp lm constant_tsc arch_perfmon pebs bts rep_good nopl xtopology nonstop_tsc aperfmperf pni pclmulqdq dtes64 monitor ds_cpl vmx est tm2 ssse3 sdbg fma cx16 xtpr pdcm pcid sse4_1 sse4_2 movbe popcnt tsc_deadline_timer aes xsave avx f16c rdrand lahf_lm abm epb tpr_shadow vnmi flexpriority ept vpid fsgsbase tsc_adjust bmi1 avx2 smep bmi2 erms invpcid xsaveopt dtherm ida arat pln pts
bugs		:
bogomips	: 3392.19
clflush size	: 64
cache_alignment	: 64
address sizes	: 39 bits physical, 48 bits virtual
power management:

processor	: 3
vendor_id	: GenuineIntel
cpu family	: 6
model		: 69
model name	: Intel(R) Core(TM) i3-4005U CPU @ 1.70GHz
stepping	: 1
microcode	: 0x1f
cpu MHz		: 1699.896
cache size	: 3072 KB
physical id	: 0
siblings	: 4
core id		: 1
cpu cores	: 2
apicid		: 3
initial apicid	: 3
fpu		: yes
fpu_exception	: yes
cpuid level	: 13
wp		: yes
flags		: fpu vme de pse tsc msr pae mce cx8 apic sep mtrr pge mca cmov pat pse36 clflush dts acpi mmx fxsr sse sse2 ss ht tm pbe syscall nx pdpe1gb rdtscp lm constant_tsc arch_perfmon pebs bts rep_good nopl xtopology nonstop_tsc aperfmperf pni pclmulqdq dtes64 monitor ds_cpl vmx est tm2 ssse3 sdbg fma cx16 xtpr pdcm pcid sse4_1 sse4_2 movbe popcnt tsc_deadline_timer aes xsave avx f16c rdrand lahf_lm abm epb tpr_shadow vnmi flexpriority ept vpid fsgsbase tsc_adjust bmi1 avx2 smep bmi2 erms invpcid xsaveopt dtherm ida arat pln pts
bugs		:
bogomips	: 3392.19
clflush size	: 64
cache_alignment	: 64
address sizes	: 39 bits physical, 48 bits virtual
power management:



Memory: 4k page, physical 5977740k(114188k free), swap 2097148k(15000k free)

vm_info: OpenJDK 64-Bit Server VM (25.112-b736) for linux-amd64 JRE (1.8.0_112-release-b736), built on Mar  6 2017 09:31:19 by "builder" with gcc 4.8.4

time: Sat Sep  9 14:52:40 2017
elapsed time: 87 seconds (0d 0h 1m 27s)

